kotlin version: 2.0.21
error message: org.jetbrains.kotlin.backend.common.BackendException: Backend Internal error: Exception during IR lowering
File being compiled: D:/ASpace/UIKit2/ui/src/main/java/com/ssmalllucky/android/ui2/RoundImage.kt
The root cause java.lang.RuntimeException was thrown at: org.jetbrains.kotlin.backend.jvm.codegen.FunctionCodegen.generate(FunctionCodegen.kt:47)
	at org.jetbrains.kotlin.backend.common.CodegenUtil.reportBackendException(CodegenUtil.kt:253)
	at org.jetbrains.kotlin.backend.common.CodegenUtil.reportBackendException$default(CodegenUtil.kt:236)
	at org.jetbrains.kotlin.backend.common.phaser.PerformByIrFilePhase.invokeSequential(performByIrFile.kt:65)
	at org.jetbrains.kotlin.backend.common.phaser.PerformByIrFilePhase.invoke(performByIrFile.kt:52)
	at org.jetbrains.kotlin.backend.common.phaser.PerformByIrFilePhase.invoke(performByIrFile.kt:38)
	at org.jetbrains.kotlin.backend.common.phaser.NamedCompilerPhase.phaseBody(CompilerPhase.kt:166)
	at org.jetbrains.kotlin.backend.common.phaser.AbstractNamedCompilerPhase.invoke(CompilerPhase.kt:113)
	at org.jetbrains.kotlin.backend.common.phaser.CompositePhase.invoke(PhaseBuilders.kt:27)
	at org.jetbrains.kotlin.backend.common.phaser.CompositePhase.invoke(PhaseBuilders.kt:14)
	at org.jetbrains.kotlin.backend.common.phaser.NamedCompilerPhase.phaseBody(CompilerPhase.kt:166)
	at org.jetbrains.kotlin.backend.common.phaser.AbstractNamedCompilerPhase.invoke(CompilerPhase.kt:113)
	at org.jetbrains.kotlin.backend.common.phaser.CompilerPhaseKt.invokeToplevel(CompilerPhase.kt:62)
	at org.jetbrains.kotlin.backend.jvm.JvmIrCodegenFactory.invokeCodegen(JvmIrCodegenFactory.kt:371)
	at org.jetbrains.kotlin.codegen.CodegenFactory.generateModule(CodegenFactory.kt:47)
	at org.jetbrains.kotlin.backend.jvm.JvmIrCodegenFactory.generateModuleInFrontendIRMode(JvmIrCodegenFactory.kt:433)
	at org.jetbrains.kotlin.cli.jvm.compiler.pipeline.JvmCompilerPipelineKt.generateCodeFromIr(jvmCompilerPipeline.kt:246)
	at org.jetbrains.kotlin.cli.jvm.compiler.pipeline.JvmCompilerPipelineKt.compileModulesUsingFrontendIrAndLightTree(jvmCompilerPipeline.kt:142)
	at org.jetbrains.kotlin.cli.jvm.K2JVMCompiler.doExecute(K2JVMCompiler.kt:148)
	at org.jetbrains.kotlin.cli.jvm.K2JVMCompiler.doExecute(K2JVMCompiler.kt:43)
	at org.jetbrains.kotlin.cli.common.CLICompiler.execImpl(CLICompiler.kt:103)
	at org.jetbrains.kotlin.cli.common.CLICompiler.execImpl(CLICompiler.kt:49)
	at org.jetbrains.kotlin.cli.common.CLITool.exec(CLITool.kt:101)
	at org.jetbrains.kotlin.incremental.IncrementalJvmCompilerRunner.runCompiler(IncrementalJvmCompilerRunner.kt:464)
	at org.jetbrains.kotlin.incremental.IncrementalJvmCompilerRunner.runCompiler(IncrementalJvmCompilerRunner.kt:73)
	at org.jetbrains.kotlin.incremental.IncrementalCompilerRunner.doCompile(IncrementalCompilerRunner.kt:506)
	at org.jetbrains.kotlin.incremental.IncrementalCompilerRunner.compileImpl(IncrementalCompilerRunner.kt:423)
	at org.jetbrains.kotlin.incremental.IncrementalCompilerRunner.compileNonIncrementally(IncrementalCompilerRunner.kt:301)
	at org.jetbrains.kotlin.incremental.IncrementalCompilerRunner.compile(IncrementalCompilerRunner.kt:129)
	at org.jetbrains.kotlin.daemon.CompileServiceImplBase.execIncrementalCompiler(CompileServiceImpl.kt:675)
	at org.jetbrains.kotlin.daemon.CompileServiceImplBase.access$execIncrementalCompiler(CompileServiceImpl.kt:92)
	at org.jetbrains.kotlin.daemon.CompileServiceImpl.compile(CompileServiceImpl.kt:1660)
	at java.base/jdk.internal.reflect.DirectMethodHandleAccessor.invoke(Unknown Source)
	at java.base/java.lang.reflect.Method.invoke(Unknown Source)
	at java.rmi/sun.rmi.server.UnicastServerRef.dispatch(Unknown Source)
	at java.rmi/sun.rmi.transport.Transport$1.run(Unknown Source)
	at java.rmi/sun.rmi.transport.Transport$1.run(Unknown Source)
	at java.base/java.security.AccessController.doPrivileged(Unknown Source)
	at java.rmi/sun.rmi.transport.Transport.serviceCall(Unknown Source)
	at java.rmi/sun.rmi.transport.tcp.TCPTransport.handleMessages(Unknown Source)
	at java.rmi/sun.rmi.transport.tcp.TCPTransport$ConnectionHandler.run0(Unknown Source)
	at java.rmi/sun.rmi.transport.tcp.TCPTransport$ConnectionHandler.lambda$run$0(Unknown Source)
	at java.base/java.security.AccessController.doPrivileged(Unknown Source)
	at java.rmi/sun.rmi.transport.tcp.TCPTransport$ConnectionHandler.run(Unknown Source)
	at java.base/java.util.concurrent.ThreadPoolExecutor.runWorker(Unknown Source)
	at java.base/java.util.concurrent.ThreadPoolExecutor$Worker.run(Unknown Source)
	at java.base/java.lang.Thread.run(Unknown Source)
Caused by: java.lang.RuntimeException: Exception while generating code for:
FUN name:UIRoundImage-VcyHaS8 visibility:public modality:FINAL <> (modifier:androidx.compose.ui.Modifier, imageBitmap:androidx.compose.ui.graphics.ImageBitmap, type:com.ssmalllucky.android.ui2.ImageType, borderColor:androidx.compose.ui.graphics.Color, borderWidth:androidx.compose.ui.unit.Dp, cornerRadius:androidx.compose.ui.unit.Dp, leftTopCorner:androidx.compose.ui.unit.Dp, rightTopCorner:androidx.compose.ui.unit.Dp, rightBottomCorner:androidx.compose.ui.unit.Dp, leftBottomCorner:androidx.compose.ui.unit.Dp) returnType:kotlin.Unit
  annotations:
    Composable
  VALUE_PARAMETER name:modifier index:0 type:androidx.compose.ui.Modifier
    EXPRESSION_BODY
      ERROR_EXPR 'Default Stub' type=androidx.compose.ui.Modifier
  VALUE_PARAMETER name:imageBitmap index:1 type:androidx.compose.ui.graphics.ImageBitmap
  VALUE_PARAMETER name:type index:2 type:com.ssmalllucky.android.ui2.ImageType
    EXPRESSION_BODY
      ERROR_EXPR 'Default Stub' type=com.ssmalllucky.android.ui2.ImageType
  VALUE_PARAMETER name:borderColor index:3 type:androidx.compose.ui.graphics.Color
    EXPRESSION_BODY
      ERROR_EXPR 'Default Stub' type=androidx.compose.ui.graphics.Color
  VALUE_PARAMETER name:borderWidth index:4 type:androidx.compose.ui.unit.Dp
    EXPRESSION_BODY
      ERROR_EXPR 'Default Stub' type=androidx.compose.ui.unit.Dp
  VALUE_PARAMETER name:cornerRadius index:5 type:androidx.compose.ui.unit.Dp
    EXPRESSION_BODY
      ERROR_EXPR 'Default Stub' type=androidx.compose.ui.unit.Dp
  VALUE_PARAMETER name:leftTopCorner index:6 type:androidx.compose.ui.unit.Dp
    EXPRESSION_BODY
      ERROR_EXPR 'Default Stub' type=androidx.compose.ui.unit.Dp
  VALUE_PARAMETER name:rightTopCorner index:7 type:androidx.compose.ui.unit.Dp
    EXPRESSION_BODY
      ERROR_EXPR 'Default Stub' type=androidx.compose.ui.unit.Dp
  VALUE_PARAMETER name:rightBottomCorner index:8 type:androidx.compose.ui.unit.Dp
    EXPRESSION_BODY
      ERROR_EXPR 'Default Stub' type=androidx.compose.ui.unit.Dp
  VALUE_PARAMETER name:leftBottomCorner index:9 type:androidx.compose.ui.unit.Dp
    EXPRESSION_BODY
      ERROR_EXPR 'Default Stub' type=androidx.compose.ui.unit.Dp
  BLOCK_BODY
    VAR name:shape type:androidx.compose.ui.graphics.Shape [val]
      BLOCK type=androidx.compose.ui.graphics.Shape origin=WHEN
        VAR IR_TEMPORARY_VARIABLE name:tmp0_subject type:com.ssmalllucky.android.ui2.ImageType [val]
          GET_VAR 'type: com.ssmalllucky.android.ui2.ImageType declared in com.ssmalllucky.android.ui2.RoundImageKt.UIRoundImage-VcyHaS8' type=com.ssmalllucky.android.ui2.ImageType origin=null
        VAR IR_TEMPORARY_VARIABLE name:tmp0 type:kotlin.Int [val]
          CALL 'public final fun get (index: kotlin.Int): kotlin.Int [operator] declared in kotlin.IntArray' type=kotlin.Int origin=null
            $this: GET_FIELD 'FIELD ENUM_MAPPINGS_FOR_WHEN name:$EnumSwitchMapping$0 type:kotlin.IntArray visibility:public [final,static] declared in com.ssmalllucky.android.ui2.RoundImageKt.WhenMappings' type=kotlin.IntArray origin=null
            index: CALL 'public final fun <get-ordinal> (): kotlin.Int [fake_override] declared in com.ssmalllucky.android.ui2.ImageType' type=kotlin.Int origin=null
              $this: GET_VAR 'val tmp0_subject: com.ssmalllucky.android.ui2.ImageType [val] declared in com.ssmalllucky.android.ui2.RoundImageKt.UIRoundImage-VcyHaS8' type=com.ssmalllucky.android.ui2.ImageType origin=null
        WHEN type=androidx.compose.ui.graphics.Shape origin=WHEN
          BRANCH
            if: CALL 'public final fun EQEQ (arg0: kotlin.Any?, arg1: kotlin.Any?): kotlin.Boolean declared in kotlin.internal.ir' type=kotlin.Boolean origin=null
              arg0: GET_VAR 'val tmp0: kotlin.Int [val] declared in com.ssmalllucky.android.ui2.RoundImageKt.UIRoundImage-VcyHaS8' type=kotlin.Int origin=null
              arg1: CONST Int type=kotlin.Int value=1
            then: CALL 'public final fun <get-CircleShape> (): androidx.compose.foundation.shape.RoundedCornerShape declared in androidx.compose.foundation.shape.RoundedCornerShapeKt' type=androidx.compose.foundation.shape.RoundedCornerShape origin=GET_PROPERTY
          BRANCH
            if: CALL 'public final fun EQEQ (arg0: kotlin.Any?, arg1: kotlin.Any?): kotlin.Boolean declared in kotlin.internal.ir' type=kotlin.Boolean origin=null
              arg0: GET_VAR 'val tmp0: kotlin.Int [val] declared in com.ssmalllucky.android.ui2.RoundImageKt.UIRoundImage-VcyHaS8' type=kotlin.Int origin=null
              arg1: CONST Int type=kotlin.Int value=2
            then: CALL 'public final fun RoundedCornerShape-0680j_4 (size: androidx.compose.ui.unit.Dp): androidx.compose.foundation.shape.RoundedCornerShape declared in androidx.compose.foundation.shape.RoundedCornerShapeKt' type=androidx.compose.foundation.shape.RoundedCornerShape origin=null
              size: GET_VAR 'cornerRadius: androidx.compose.ui.unit.Dp declared in com.ssmalllucky.android.ui2.RoundImageKt.UIRoundImage-VcyHaS8' type=androidx.compose.ui.unit.Dp origin=null
          BRANCH
            if: CALL 'public final fun EQEQ (arg0: kotlin.Any?, arg1: kotlin.Any?): kotlin.Boolean declared in kotlin.internal.ir' type=kotlin.Boolean origin=null
              arg0: GET_VAR 'val tmp0: kotlin.Int [val] declared in com.ssmalllucky.android.ui2.RoundImageKt.UIRoundImage-VcyHaS8' type=kotlin.Int origin=null
              arg1: CONST Int type=kotlin.Int value=3
            then: CALL 'public final fun GenericOvalShape (): androidx.compose.ui.graphics.Shape declared in com.ssmalllucky.android.ui2.RoundImageKt' type=androidx.compose.ui.graphics.Shape origin=null
          BRANCH
            if: CONST Boolean type=kotlin.Boolean value=true
            then: BLOCK type=kotlin.Nothing origin=null
              CALL 'public final fun noWhenBranchMatchedException (): kotlin.Nothing declared in kotlin.internal.ir' type=kotlin.Nothing origin=null
              CALL 'public final fun throwKotlinNothingValueException (): kotlin.Nothing declared in kotlin.jvm.internal.Intrinsics' type=kotlin.Nothing origin=null
    VAR name:customShape type:androidx.compose.ui.graphics.Shape [val]
      WHEN type=androidx.compose.ui.graphics.Shape origin=IF
        BRANCH
          if: CALL 'public final fun ANDAND (arg0: kotlin.Boolean, arg1: kotlin.Boolean): kotlin.Boolean declared in kotlin.internal.ir' type=kotlin.Boolean origin=null
            arg0: CALL 'public final fun EQEQ (arg0: kotlin.Any?, arg1: kotlin.Any?): kotlin.Boolean declared in kotlin.internal.ir' type=kotlin.Boolean origin=EQEQ
              arg0: GET_VAR 'type: com.ssmalllucky.android.ui2.ImageType declared in com.ssmalllucky.android.ui2.RoundImageKt.UIRoundImage-VcyHaS8' type=com.ssmalllucky.android.ui2.ImageType origin=null
              arg1: GET_FIELD 'FIELD FIELD_FOR_ENUM_ENTRY name:Round type:com.ssmalllucky.android.ui2.ImageType visibility:public [final,static] declared in com.ssmalllucky.android.ui2.ImageType' type=com.ssmalllucky.android.ui2.ImageType origin=null
            arg1: CALL 'public final fun OROR (arg0: kotlin.Boolean, arg1: kotlin.Boolean): kotlin.Boolean declared in kotlin.internal.ir' type=kotlin.Boolean origin=null
              arg0: CALL 'public final fun OROR (arg0: kotlin.Boolean, arg1: kotlin.Boolean): kotlin.Boolean declared in kotlin.internal.ir' type=kotlin.Boolean origin=null
                arg0: CALL 'public final fun OROR (arg0: kotlin.Boolean, arg1: kotlin.Boolean): kotlin.Boolean declared in kotlin.internal.ir' type=kotlin.Boolean origin=null
                  arg0: CALL 'public final fun not (): kotlin.Boolean [operator] declared in kotlin.Boolean' type=kotlin.Boolean origin=EXCLEQ
                    $this: CALL 'public final fun equals-impl0 (p1: androidx.compose.ui.unit.Dp, p2: androidx.compose.ui.unit.Dp): kotlin.Boolean declared in androidx.compose.ui.unit.Dp' type=kotlin.Boolean origin=null
                      p1: GET_VAR 'leftTopCorner: androidx.compose.ui.unit.Dp declared in com.ssmalllucky.android.ui2.RoundImageKt.UIRoundImage-VcyHaS8' type=androidx.compose.ui.unit.Dp origin=null
                      p2: CALL 'public final fun <get-dp> (): androidx.compose.ui.unit.Dp [inline] declared in androidx.compose.ui.unit.DpKt' type=androidx.compose.ui.unit.Dp origin=GET_PROPERTY
                        $receiver: CONST Int type=kotlin.Int value=0
                  arg1: CALL 'public final fun not (): kotlin.Boolean [operator] declared in kotlin.Boolean' type=kotlin.Boolean origin=EXCLEQ
                    $this: CALL 'public final fun equals-impl0 (p1: androidx.compose.ui.unit.Dp, p2: androidx.compose.ui.unit.Dp): kotlin.Boolean declared in androidx.compose.ui.unit.Dp' type=kotlin.Boolean origin=null
                      p1: GET_VAR 'rightTopCorner: androidx.compose.ui.unit.Dp declared in com.ssmalllucky.android.ui2.RoundImageKt.UIRoundImage-VcyHaS8' type=androidx.compose.ui.unit.Dp origin=null
                      p2: CALL 'public final fun <get-dp> (): androidx.compose.ui.unit.Dp [inline] declared in androidx.compose.ui.unit.DpKt' type=androidx.compose.ui.unit.Dp origin=GET_PROPERTY
                        $receiver: CONST Int type=kotlin.Int value=0
                arg1: CALL 'public final fun not (): kotlin.Boolean [operator] declared in kotlin.Boolean' type=kotlin.Boolean origin=EXCLEQ
                  $this: CALL 'public final fun equals-impl0 (p1: androidx.compose.ui.unit.Dp, p2: androidx.compose.ui.unit.Dp): kotlin.Boolean declared in androidx.compose.ui.unit.Dp' type=kotlin.Boolean origin=null
                    p1: GET_VAR 'leftBottomCorner: androidx.compose.ui.unit.Dp declared in com.ssmalllucky.android.ui2.RoundImageKt.UIRoundImage-VcyHaS8' type=androidx.compose.ui.unit.Dp origin=null
                    p2: CALL 'public final fun <get-dp> (): androidx.compose.ui.unit.Dp [inline] declared in androidx.compose.ui.unit.DpKt' type=androidx.compose.ui.unit.Dp origin=GET_PROPERTY
                      $receiver: CONST Int type=kotlin.Int value=0
              arg1: CALL 'public final fun not (): kotlin.Boolean [operator] declared in kotlin.Boolean' type=kotlin.Boolean origin=EXCLEQ
                $this: CALL 'public final fun equals-impl0 (p1: androidx.compose.ui.unit.Dp, p2: androidx.compose.ui.unit.Dp): kotlin.Boolean declared in androidx.compose.ui.unit.Dp' type=kotlin.Boolean origin=null
                  p1: GET_VAR 'rightBottomCorner: androidx.compose.ui.unit.Dp declared in com.ssmalllucky.android.ui2.RoundImageKt.UIRoundImage-VcyHaS8' type=androidx.compose.ui.unit.Dp origin=null
                  p2: CALL 'public final fun <get-dp> (): androidx.compose.ui.unit.Dp [inline] declared in androidx.compose.ui.unit.DpKt' type=androidx.compose.ui.unit.Dp origin=GET_PROPERTY
                    $receiver: CONST Int type=kotlin.Int value=0
          then: BLOCK type=androidx.compose.foundation.shape.RoundedCornerShape origin=null
            CALL 'public final fun RoundedCornerShape-a9UjIt4 (topStart: androidx.compose.ui.unit.Dp, topEnd: androidx.compose.ui.unit.Dp, bottomEnd: androidx.compose.ui.unit.Dp, bottomStart: androidx.compose.ui.unit.Dp): androidx.compose.foundation.shape.RoundedCornerShape declared in androidx.compose.foundation.shape.RoundedCornerShapeKt' type=androidx.compose.foundation.shape.RoundedCornerShape origin=null
              topStart: GET_VAR 'leftTopCorner: androidx.compose.ui.unit.Dp declared in com.ssmalllucky.android.ui2.RoundImageKt.UIRoundImage-VcyHaS8' type=androidx.compose.ui.unit.Dp origin=null
              topEnd: GET_VAR 'rightTopCorner: androidx.compose.ui.unit.Dp declared in com.ssmalllucky.android.ui2.RoundImageKt.UIRoundImage-VcyHaS8' type=androidx.compose.ui.unit.Dp origin=null
              bottomEnd: GET_VAR 'rightBottomCorner: androidx.compose.ui.unit.Dp declared in com.ssmalllucky.android.ui2.RoundImageKt.UIRoundImage-VcyHaS8' type=androidx.compose.ui.unit.Dp origin=null
              bottomStart: GET_VAR 'leftBottomCorner: androidx.compose.ui.unit.Dp declared in com.ssmalllucky.android.ui2.RoundImageKt.UIRoundImage-VcyHaS8' type=androidx.compose.ui.unit.Dp origin=null
        BRANCH
          if: CONST Boolean type=kotlin.Boolean value=true
          then: GET_VAR 'val shape: androidx.compose.ui.graphics.Shape [val] declared in com.ssmalllucky.android.ui2.RoundImageKt.UIRoundImage-VcyHaS8' type=androidx.compose.ui.graphics.Shape origin=null
    CALL 'public final fun Box$default (modifier: androidx.compose.ui.Modifier?, contentAlignment: androidx.compose.ui.Alignment?, propagateMinConstraints: kotlin.Boolean, content: @[Composable] @[ExtensionFunctionType] kotlin.Function1<androidx.compose.foundation.layout.BoxScope, kotlin.Unit>, $mask0: kotlin.Int, $handler: kotlin.Any?): kotlin.Unit [inline] declared in androidx.compose.foundation.layout.BoxKt' type=kotlin.Unit origin=DEFAULT_DISPATCH_CALL
      modifier: CALL 'public final fun background-bw27NRU$default (color: androidx.compose.ui.graphics.Color, shape: androidx.compose.ui.graphics.Shape?, $mask0: kotlin.Int, $handler: kotlin.Any?): androidx.compose.ui.Modifier declared in androidx.compose.foundation.BackgroundKt' type=androidx.compose.ui.Modifier origin=DEFAULT_DISPATCH_CALL
        $receiver: CALL 'public final fun border-xT4_qwU (width: androidx.compose.ui.unit.Dp, color: androidx.compose.ui.graphics.Color, shape: androidx.compose.ui.graphics.Shape): androidx.compose.ui.Modifier declared in androidx.compose.foundation.BorderKt' type=androidx.compose.ui.Modifier origin=null
          $receiver: CALL 'public final fun clip (shape: androidx.compose.ui.graphics.Shape): androidx.compose.ui.Modifier declared in androidx.compose.ui.draw.ClipKt' type=androidx.compose.ui.Modifier origin=null
            $receiver: GET_VAR 'modifier: androidx.compose.ui.Modifier declared in com.ssmalllucky.android.ui2.RoundImageKt.UIRoundImage-VcyHaS8' type=androidx.compose.ui.Modifier origin=null
            shape: GET_VAR 'val customShape: androidx.compose.ui.graphics.Shape [val] declared in com.ssmalllucky.android.ui2.RoundImageKt.UIRoundImage-VcyHaS8' type=androidx.compose.ui.graphics.Shape origin=null
          width: GET_VAR 'borderWidth: androidx.compose.ui.unit.Dp declared in com.ssmalllucky.android.ui2.RoundImageKt.UIRoundImage-VcyHaS8' type=androidx.compose.ui.unit.Dp origin=null
          color: GET_VAR 'borderColor: androidx.compose.ui.graphics.Color declared in com.ssmalllucky.android.ui2.RoundImageKt.UIRoundImage-VcyHaS8' type=androidx.compose.ui.graphics.Color origin=null
          shape: GET_VAR 'val customShape: androidx.compose.ui.graphics.Shape [val] declared in com.ssmalllucky.android.ui2.RoundImageKt.UIRoundImage-VcyHaS8' type=androidx.compose.ui.graphics.Shape origin=null
        color: CALL 'public final fun getTransparent-0d7_KjU (): androidx.compose.ui.graphics.Color declared in androidx.compose.ui.graphics.Color.Companion' type=androidx.compose.ui.graphics.Color origin=GET_PROPERTY
          $this: GET_FIELD 'FIELD FIELD_FOR_OBJECT_INSTANCE name:Companion type:androidx.compose.ui.graphics.Color.Companion visibility:public [final,static] declared in androidx.compose.ui.graphics.Color' type=androidx.compose.ui.graphics.Color.Companion origin=null
        shape: COMPOSITE type=androidx.compose.ui.graphics.Shape? origin=DEFAULT_VALUE
          CONST Null type=androidx.compose.ui.graphics.Shape? value=null
        $mask0: CONST Int type=kotlin.Int value=2
        $handler: CONST Null type=kotlin.Any? value=null
      contentAlignment: COMPOSITE type=androidx.compose.ui.Alignment? origin=DEFAULT_VALUE
        CONST Null type=androidx.compose.ui.Alignment? value=null
      propagateMinConstraints: COMPOSITE type=kotlin.Boolean origin=DEFAULT_VALUE
        CONST Boolean type=kotlin.Boolean value=false
      content: BLOCK type=@[ExtensionFunctionType] kotlin.Function1<androidx.compose.foundation.layout.BoxScope, kotlin.Unit> origin=LAMBDA
        COMPOSITE type=kotlin.Unit origin=null
        FUNCTION_REFERENCE 'private final fun UIRoundImage_VcyHaS8$lambda$0 ($imageBitmap: androidx.compose.ui.graphics.ImageBitmap): kotlin.Unit declared in com.ssmalllucky.android.ui2.RoundImageKt' type=@[ExtensionFunctionType] kotlin.Function1<androidx.compose.foundation.layout.BoxScope, kotlin.Unit> origin=INLINE_LAMBDA reflectionTarget=null
          $imageBitmap: GET_VAR 'imageBitmap: androidx.compose.ui.graphics.ImageBitmap declared in com.ssmalllucky.android.ui2.RoundImageKt.UIRoundImage-VcyHaS8' type=androidx.compose.ui.graphics.ImageBitmap origin=null
      $mask0: CONST Int type=kotlin.Int value=6
      $handler: CONST Null type=kotlin.Any? value=null

	at org.jetbrains.kotlin.backend.jvm.codegen.FunctionCodegen.generate(FunctionCodegen.kt:47)
	at org.jetbrains.kotlin.backend.jvm.codegen.FunctionCodegen.generate$default(FunctionCodegen.kt:40)
	at org.jetbrains.kotlin.backend.jvm.codegen.ClassCodegen.generateMethodNode(ClassCodegen.kt:406)
	at org.jetbrains.kotlin.backend.jvm.codegen.ClassCodegen.generateMethod(ClassCodegen.kt:423)
	at org.jetbrains.kotlin.backend.jvm.codegen.ClassCodegen.generate(ClassCodegen.kt:168)
	at org.jetbrains.kotlin.backend.jvm.FileCodegen.lower(JvmPhases.kt:39)
	at org.jetbrains.kotlin.backend.common.phaser.PhaseFactoriesKt.createFilePhase$lambda$4(PhaseFactories.kt:71)
	at org.jetbrains.kotlin.backend.common.phaser.PhaseBuildersKt$createSimpleNamedCompilerPhase$1.phaseBody(PhaseBuilders.kt:69)
	at org.jetbrains.kotlin.backend.common.phaser.SimpleNamedCompilerPhase.phaseBody(CompilerPhase.kt:226)
	at org.jetbrains.kotlin.backend.common.phaser.AbstractNamedCompilerPhase.invoke(CompilerPhase.kt:113)
	at org.jetbrains.kotlin.backend.common.phaser.PerformByIrFilePhase.invokeSequential(performByIrFile.kt:62)
	... 43 more
Caused by: org.jetbrains.kotlin.codegen.CompilationException: Back-end (JVM) Internal error: Couldn't inline method call: CALL 'public final fun Box$default (modifier: androidx.compose.ui.Modifier?, contentAlignment: androidx.compose.ui.Alignment?, propagateMinConstraints: kotlin.Boolean, content: @[Composable] @[ExtensionFunctionType] kotlin.Function1<androidx.compose.foundation.layout.BoxScope, kotlin.Unit>, $mask0: kotlin.Int, $handler: kotlin.Any?): kotlin.Unit [inline] declared in androidx.compose.foundation.layout.BoxKt' type=kotlin.Unit origin=DEFAULT_DISPATCH_CALL
Method: null
File is unknown
The root cause java.lang.IllegalStateException was thrown at: org.jetbrains.kotlin.codegen.inline.SourceCompilerForInlineKt.getMethodNode(SourceCompilerForInline.kt:118)
	at org.jetbrains.kotlin.codegen.inline.InlineCodegen.performInline(InlineCodegen.kt:65)
	at org.jetbrains.kotlin.backend.jvm.codegen.IrInlineCodegen.genInlineCall(IrInlineCodegen.kt:163)
	at org.jetbrains.kotlin.backend.jvm.codegen.IrInlineCallGenerator.genCall(IrInlineCallGenerator.kt:36)
	at org.jetbrains.kotlin.backend.jvm.codegen.ExpressionCodegen.visitCall(ExpressionCodegen.kt:653)
	at org.jetbrains.kotlin.backend.jvm.codegen.ExpressionCodegen.visitCall(ExpressionCodegen.kt:138)
	at org.jetbrains.kotlin.ir.expressions.IrCall.accept(IrCall.kt:24)
	at org.jetbrains.kotlin.backend.jvm.codegen.ExpressionCodegen.visitStatementContainer(ExpressionCodegen.kt:579)
	at org.jetbrains.kotlin.backend.jvm.codegen.ExpressionCodegen.visitBlockBody(ExpressionCodegen.kt:584)
	at org.jetbrains.kotlin.backend.jvm.codegen.ExpressionCodegen.visitBlockBody(ExpressionCodegen.kt:138)
	at org.jetbrains.kotlin.ir.expressions.IrBlockBody.accept(IrBlockBody.kt:20)
	at org.jetbrains.kotlin.backend.jvm.codegen.ExpressionCodegen.generate(ExpressionCodegen.kt:240)
	at org.jetbrains.kotlin.backend.jvm.codegen.FunctionCodegen.doGenerate(FunctionCodegen.kt:123)
	at org.jetbrains.kotlin.backend.jvm.codegen.FunctionCodegen.generate(FunctionCodegen.kt:44)
	... 53 more
Caused by: java.lang.IllegalStateException: couldn't find inline method Landroidx/compose/foundation/layout/BoxKt;.Box$default(Landroidx/compose/ui/Modifier;Landroidx/compose/ui/Alignment;ZLkotlin/jvm/functions/Function1;ILjava/lang/Object;)V
	at org.jetbrains.kotlin.codegen.inline.SourceCompilerForInlineKt.getMethodNode(SourceCompilerForInline.kt:118)
	at org.jetbrains.kotlin.codegen.inline.SourceCompilerForInlineKt.loadCompiledInlineFunction(SourceCompilerForInline.kt:96)
	at org.jetbrains.kotlin.backend.jvm.codegen.IrSourceCompilerForInline.compileInlineFunction(IrSourceCompilerForInline.kt:91)
	at org.jetbrains.kotlin.codegen.inline.InlineCodegen.compileInline(InlineCodegen.kt:43)
	at org.jetbrains.kotlin.codegen.inline.InlineCodegen.performInline(InlineCodegen.kt:51)
	... 65 more


